<?xml version="1.0" encoding="UTF-8"?>
<!-- Generated by org.testng.reporters.JUnitXMLReporter -->
<testsuite ignored="0" hostname="LAPTOP-8QI28HGD" failures="0" tests="3" name="Default test" time="66.418" errors="0" timestamp="2025-06-25T12:36:17 IST">
  <testcase classname="com.comcast.crm.BaseTestng.CreateOrganizationTestNGSmoke_Regression" name="CreateOrganizationIndustry" time="13.782"/>
  <testcase classname="com.comcast.crm.BaseTestng.CreateOrganizationTestNGSmoke_Regression" name="CreateOrganizationTestNG" time="9.857"/>
  <testcase classname="com.comcast.crm.BaseTestng.CreateOrganizationTestNGSmoke_Regression" name="CreateOrganizationWithPhone" time="6.478"/>
</testsuite> <!-- Default test -->
