<?xml version="1.0" encoding="UTF-8"?>
<!-- Generated by org.testng.reporters.JUnitXMLReporter -->
<testsuite ignored="2" hostname="LAPTOP-8QI28HGD" failures="0" tests="1" name="Test" time="11.059" errors="0" timestamp="2025-06-24T15:32:00 IST">
  <testcase classname="com.comcast.crm.BaseTestng.CreateOrganizationTestNGSmoke_Regression" name="CreateOrganizationTestNG" time="5.88"/>
  <testcase classname="com.comcast.crm.BaseTestng.CreateOrganizationTestNGSmoke_Regression" name="CreateOrganizationIndustry" time="0.0">
    <ignored/>
  </testcase> <!-- CreateOrganizationIndustry -->
  <testcase classname="com.comcast.crm.BaseTestng.CreateOrganizationTestNGSmoke_Regression" name="CreateOrganizationWithPhone" time="0.0">
    <ignored/>
  </testcase> <!-- CreateOrganizationWithPhone -->
</testsuite> <!-- Test -->
