<?xml version="1.0" encoding="UTF-8"?>
<!-- Generated by org.testng.reporters.JUnitXMLReporter -->
<testsuite ignored="2" hostname="LAPTOP-8QI28HGD" failures="0" tests="5" name="TestRunner-edge" time="52.934" errors="0" timestamp="2025-07-01T10:03:57 IST">
  <testcase classname="com.comcast.crm.OrganizationTestNG.CreateOrganizationTestNG" name="CreateOrganizationIndustry" time="7.08"/>
  <testcase classname="com.comcast.crm.OrganizationTestNG.CreateOrganizationTestNG" name="CreateOrganizationTestNG" time="5.668"/>
  <testcase classname="com.comcast.crm.OrganizationTestNG.CreateOrganizationTestNG" name="CreateOrganizationWithPhone" time="5.227"/>
  <testcase classname="com.comcast.crm.ContactTestNG.CreateContactTestNG" name="CreateContactPhone" time="8.017"/>
  <testcase classname="com.comcast.crm.ContactTestNG.CreateContactTestNG" name="CreateContactTestNG" time="4.967"/>
  <testcase classname="BaseClassTestNG.BaseClass" name="@AfterSuite configAS" time="0.0">
    <ignored/>
  </testcase> <!-- @AfterSuite configAS -->
  <testcase classname="BaseClassTestNG.BaseClass" name="@BeforeSuite configBS" time="0.0">
    <ignored/>
  </testcase> <!-- @BeforeSuite configBS -->
</testsuite> <!-- TestRunner-edge -->
