<?xml version="1.0" encoding="UTF-8"?>
<!-- Generated by org.testng.reporters.JUnitXMLReporter -->
<testsuite ignored="5" hostname="LAPTOP-8QI28HGD" failures="0" tests="2" name="Test" time="27.701" errors="0" timestamp="2025-07-01T10:01:14 IST">
  <testcase classname="com.comcast.crm.OrganizationTestNG.CreateOrganizationTestNG" name="CreateOrganizationWithPhone" time="8.827"/>
  <testcase classname="com.comcast.crm.ContactTestNG.CreateContactTestNG" name="CreateContactPhone" time="7.384"/>
  <testcase classname="com.comcast.crm.OrganizationTestNG.CreateOrganizationTestNG" name="CreateOrganizationTestNG" time="0.0">
    <ignored/>
  </testcase> <!-- CreateOrganizationTestNG -->
  <testcase classname="BaseClassTestNG.BaseClass" name="@AfterSuite configAS" time="0.0">
    <ignored/>
  </testcase> <!-- @AfterSuite configAS -->
  <testcase classname="BaseClassTestNG.BaseClass" name="@BeforeSuite configBS" time="0.0">
    <ignored/>
  </testcase> <!-- @BeforeSuite configBS -->
  <testcase classname="com.comcast.crm.OrganizationTestNG.CreateOrganizationTestNG" name="CreateOrganizationIndustry" time="0.0">
    <ignored/>
  </testcase> <!-- CreateOrganizationIndustry -->
  <testcase classname="com.comcast.crm.ContactTestNG.CreateContactTestNG" name="CreateContactTestNG" time="0.0">
    <ignored/>
  </testcase> <!-- CreateContactTestNG -->
</testsuite> <!-- Test -->
