<?xml version="1.0" encoding="UTF-8"?>
<testng-results ignored="0" total="10" passed="10" failed="0" skipped="0">
  <reporter-output>
  </reporter-output>
  <suite started-at="2025-07-01T10:03:04 IST" name="Suite" finished-at="2025-07-01T10:04:15 IST" duration-ms="71138">
    <groups>
    </groups>
    <test started-at="2025-07-01T10:03:04 IST" name="TestRunner-edge" finished-at="2025-07-01T10:03:57 IST" duration-ms="52934">
      <class name="com.comcast.crm.OrganizationTestNG.CreateOrganizationTestNG">
        <test-method is-config="true" signature="configBC(java.lang.String)[pri:0, instance:com.comcast.crm.OrganizationTestNG.CreateOrganizationTestNG@4b5a5ed1]" started-at="2025-07-01T10:03:04 IST" name="configBC" finished-at="2025-07-01T10:03:07 IST" duration-ms="2820" status="PASS">
          <params>
            <param index="0">
              <value>
                <![CDATA[Edge]]>
              </value>
            </param>
          </params>
          <reporter-output>
          </reporter-output>
        </test-method> <!-- configBC -->
        <test-method is-config="true" signature="configBM()[pri:0, instance:com.comcast.crm.OrganizationTestNG.CreateOrganizationTestNG@4b5a5ed1]" started-at="2025-07-01T10:03:07 IST" name="configBM" finished-at="2025-07-01T10:03:11 IST" duration-ms="3906" status="PASS">
          <reporter-output>
          </reporter-output>
        </test-method> <!-- configBM -->
        <test-method signature="CreateOrganizationIndustry()[pri:0, instance:com.comcast.crm.OrganizationTestNG.CreateOrganizationTestNG@4b5a5ed1]" started-at="2025-07-01T10:03:11 IST" name="CreateOrganizationIndustry" finished-at="2025-07-01T10:03:18 IST" duration-ms="7080" status="PASS">
          <reporter-output>
          </reporter-output>
        </test-method> <!-- CreateOrganizationIndustry -->
        <test-method is-config="true" signature="configAM()[pri:0, instance:com.comcast.crm.OrganizationTestNG.CreateOrganizationTestNG@4b5a5ed1]" started-at="2025-07-01T10:03:18 IST" name="configAM" finished-at="2025-07-01T10:03:19 IST" duration-ms="784" status="PASS">
          <reporter-output>
          </reporter-output>
        </test-method> <!-- configAM -->
        <test-method is-config="true" signature="configBM()[pri:0, instance:com.comcast.crm.OrganizationTestNG.CreateOrganizationTestNG@4b5a5ed1]" started-at="2025-07-01T10:03:19 IST" name="configBM" finished-at="2025-07-01T10:03:19 IST" duration-ms="589" status="PASS">
          <reporter-output>
          </reporter-output>
        </test-method> <!-- configBM -->
        <test-method signature="CreateOrganizationTestNG()[pri:0, instance:com.comcast.crm.OrganizationTestNG.CreateOrganizationTestNG@4b5a5ed1]" started-at="2025-07-01T10:03:19 IST" name="CreateOrganizationTestNG" finished-at="2025-07-01T10:03:25 IST" duration-ms="5668" status="PASS">
          <reporter-output>
          </reporter-output>
        </test-method> <!-- CreateOrganizationTestNG -->
        <test-method is-config="true" signature="configAM()[pri:0, instance:com.comcast.crm.OrganizationTestNG.CreateOrganizationTestNG@4b5a5ed1]" started-at="2025-07-01T10:03:25 IST" name="configAM" finished-at="2025-07-01T10:03:26 IST" duration-ms="706" status="PASS">
          <reporter-output>
          </reporter-output>
        </test-method> <!-- configAM -->
        <test-method is-config="true" signature="configBM()[pri:0, instance:com.comcast.crm.OrganizationTestNG.CreateOrganizationTestNG@4b5a5ed1]" started-at="2025-07-01T10:03:26 IST" name="configBM" finished-at="2025-07-01T10:03:27 IST" duration-ms="1662" status="PASS">
          <reporter-output>
          </reporter-output>
        </test-method> <!-- configBM -->
        <test-method signature="CreateOrganizationWithPhone()[pri:0, instance:com.comcast.crm.OrganizationTestNG.CreateOrganizationTestNG@4b5a5ed1]" started-at="2025-07-01T10:03:27 IST" name="CreateOrganizationWithPhone" finished-at="2025-07-01T10:03:33 IST" duration-ms="5227" status="PASS">
          <reporter-output>
          </reporter-output>
        </test-method> <!-- CreateOrganizationWithPhone -->
        <test-method is-config="true" signature="configAM()[pri:0, instance:com.comcast.crm.OrganizationTestNG.CreateOrganizationTestNG@4b5a5ed1]" started-at="2025-07-01T10:03:33 IST" name="configAM" finished-at="2025-07-01T10:03:33 IST" duration-ms="827" status="PASS">
          <reporter-output>
          </reporter-output>
        </test-method> <!-- configAM -->
        <test-method is-config="true" signature="configAC()[pri:0, instance:com.comcast.crm.OrganizationTestNG.CreateOrganizationTestNG@4b5a5ed1]" started-at="2025-07-01T10:03:33 IST" name="configAC" finished-at="2025-07-01T10:03:34 IST" duration-ms="500" status="PASS">
          <reporter-output>
          </reporter-output>
        </test-method> <!-- configAC -->
      </class> <!-- com.comcast.crm.OrganizationTestNG.CreateOrganizationTestNG -->
      <class name="com.comcast.crm.ContactTestNG.CreateContactTestNG">
        <test-method is-config="true" signature="configBC(java.lang.String)[pri:0, instance:com.comcast.crm.ContactTestNG.CreateContactTestNG@5cee5251]" started-at="2025-07-01T10:03:34 IST" name="configBC" finished-at="2025-07-01T10:03:36 IST" duration-ms="2056" status="PASS">
          <params>
            <param index="0">
              <value>
                <![CDATA[Edge]]>
              </value>
            </param>
          </params>
          <reporter-output>
          </reporter-output>
        </test-method> <!-- configBC -->
        <test-method is-config="true" signature="configBM()[pri:0, instance:com.comcast.crm.ContactTestNG.CreateContactTestNG@5cee5251]" started-at="2025-07-01T10:03:36 IST" name="configBM" finished-at="2025-07-01T10:03:40 IST" duration-ms="4255" status="PASS">
          <reporter-output>
          </reporter-output>
        </test-method> <!-- configBM -->
        <test-method signature="CreateContactPhone()[pri:0, instance:com.comcast.crm.ContactTestNG.CreateContactTestNG@5cee5251]" started-at="2025-07-01T10:03:40 IST" name="CreateContactPhone" finished-at="2025-07-01T10:03:48 IST" duration-ms="8017" status="PASS">
          <reporter-output>
          </reporter-output>
        </test-method> <!-- CreateContactPhone -->
        <test-method is-config="true" signature="configAM()[pri:0, instance:com.comcast.crm.ContactTestNG.CreateContactTestNG@5cee5251]" started-at="2025-07-01T10:03:48 IST" name="configAM" finished-at="2025-07-01T10:03:49 IST" duration-ms="874" status="PASS">
          <reporter-output>
          </reporter-output>
        </test-method> <!-- configAM -->
        <test-method is-config="true" signature="configBM()[pri:0, instance:com.comcast.crm.ContactTestNG.CreateContactTestNG@5cee5251]" started-at="2025-07-01T10:03:49 IST" name="configBM" finished-at="2025-07-01T10:03:51 IST" duration-ms="1784" status="PASS">
          <reporter-output>
          </reporter-output>
        </test-method> <!-- configBM -->
        <test-method signature="CreateContactTestNG()[pri:0, instance:com.comcast.crm.ContactTestNG.CreateContactTestNG@5cee5251]" started-at="2025-07-01T10:03:51 IST" name="CreateContactTestNG" finished-at="2025-07-01T10:03:56 IST" duration-ms="4967" status="PASS">
          <reporter-output>
          </reporter-output>
        </test-method> <!-- CreateContactTestNG -->
        <test-method is-config="true" signature="configAM()[pri:0, instance:com.comcast.crm.ContactTestNG.CreateContactTestNG@5cee5251]" started-at="2025-07-01T10:03:56 IST" name="configAM" finished-at="2025-07-01T10:03:57 IST" duration-ms="776" status="PASS">
          <reporter-output>
          </reporter-output>
        </test-method> <!-- configAM -->
        <test-method is-config="true" signature="configAC()[pri:0, instance:com.comcast.crm.ContactTestNG.CreateContactTestNG@5cee5251]" started-at="2025-07-01T10:03:57 IST" name="configAC" finished-at="2025-07-01T10:03:57 IST" duration-ms="389" status="PASS">
          <reporter-output>
          </reporter-output>
        </test-method> <!-- configAC -->
      </class> <!-- com.comcast.crm.ContactTestNG.CreateContactTestNG -->
    </test> <!-- TestRunner-edge -->
    <test started-at="2025-07-01T10:03:04 IST" name="TestRunner-Chrome" finished-at="2025-07-01T10:04:15 IST" duration-ms="71138">
      <class name="com.comcast.crm.OrganizationTestNG.CreateOrganizationTestNG">
        <test-method is-config="true" signature="configBS()[pri:0, instance:com.comcast.crm.OrganizationTestNG.CreateOrganizationTestNG@cd3fee8]" started-at="2025-07-01T10:03:04 IST" name="configBS" finished-at="2025-07-01T10:03:04 IST" duration-ms="284" status="PASS">
          <reporter-output>
          </reporter-output>
        </test-method> <!-- configBS -->
        <test-method is-config="true" signature="configBC(java.lang.String)[pri:0, instance:com.comcast.crm.OrganizationTestNG.CreateOrganizationTestNG@cd3fee8]" started-at="2025-07-01T10:03:04 IST" name="configBC" finished-at="2025-07-01T10:03:07 IST" duration-ms="2807" status="PASS">
          <params>
            <param index="0">
              <value>
                <![CDATA[Chrome]]>
              </value>
            </param>
          </params>
          <reporter-output>
          </reporter-output>
        </test-method> <!-- configBC -->
        <test-method is-config="true" signature="configBM()[pri:0, instance:com.comcast.crm.OrganizationTestNG.CreateOrganizationTestNG@cd3fee8]" started-at="2025-07-01T10:03:07 IST" name="configBM" finished-at="2025-07-01T10:03:11 IST" duration-ms="3849" status="PASS">
          <reporter-output>
          </reporter-output>
        </test-method> <!-- configBM -->
        <test-method signature="CreateOrganizationIndustry()[pri:0, instance:com.comcast.crm.OrganizationTestNG.CreateOrganizationTestNG@cd3fee8]" started-at="2025-07-01T10:03:11 IST" name="CreateOrganizationIndustry" finished-at="2025-07-01T10:03:18 IST" duration-ms="7071" status="PASS">
          <reporter-output>
          </reporter-output>
        </test-method> <!-- CreateOrganizationIndustry -->
        <test-method is-config="true" signature="configAM()[pri:0, instance:com.comcast.crm.OrganizationTestNG.CreateOrganizationTestNG@cd3fee8]" started-at="2025-07-01T10:03:18 IST" name="configAM" finished-at="2025-07-01T10:03:19 IST" duration-ms="906" status="PASS">
          <reporter-output>
          </reporter-output>
        </test-method> <!-- configAM -->
        <test-method is-config="true" signature="configBM()[pri:0, instance:com.comcast.crm.OrganizationTestNG.CreateOrganizationTestNG@cd3fee8]" started-at="2025-07-01T10:03:19 IST" name="configBM" finished-at="2025-07-01T10:03:20 IST" duration-ms="1552" status="PASS">
          <reporter-output>
          </reporter-output>
        </test-method> <!-- configBM -->
        <test-method signature="CreateOrganizationTestNG()[pri:0, instance:com.comcast.crm.OrganizationTestNG.CreateOrganizationTestNG@cd3fee8]" started-at="2025-07-01T10:03:20 IST" name="CreateOrganizationTestNG" finished-at="2025-07-01T10:03:25 IST" duration-ms="4546" status="PASS">
          <reporter-output>
          </reporter-output>
        </test-method> <!-- CreateOrganizationTestNG -->
        <test-method is-config="true" signature="configAM()[pri:0, instance:com.comcast.crm.OrganizationTestNG.CreateOrganizationTestNG@cd3fee8]" started-at="2025-07-01T10:03:25 IST" name="configAM" finished-at="2025-07-01T10:03:26 IST" duration-ms="783" status="PASS">
          <reporter-output>
          </reporter-output>
        </test-method> <!-- configAM -->
        <test-method is-config="true" signature="configBM()[pri:0, instance:com.comcast.crm.OrganizationTestNG.CreateOrganizationTestNG@cd3fee8]" started-at="2025-07-01T10:03:26 IST" name="configBM" finished-at="2025-07-01T10:03:27 IST" duration-ms="1740" status="PASS">
          <reporter-output>
          </reporter-output>
        </test-method> <!-- configBM -->
        <test-method signature="CreateOrganizationWithPhone()[pri:0, instance:com.comcast.crm.OrganizationTestNG.CreateOrganizationTestNG@cd3fee8]" started-at="2025-07-01T10:03:27 IST" name="CreateOrganizationWithPhone" finished-at="2025-07-01T10:03:33 IST" duration-ms="5414" status="PASS">
          <reporter-output>
          </reporter-output>
        </test-method> <!-- CreateOrganizationWithPhone -->
        <test-method is-config="true" signature="configAM()[pri:0, instance:com.comcast.crm.OrganizationTestNG.CreateOrganizationTestNG@cd3fee8]" started-at="2025-07-01T10:03:33 IST" name="configAM" finished-at="2025-07-01T10:03:34 IST" duration-ms="873" status="PASS">
          <reporter-output>
          </reporter-output>
        </test-method> <!-- configAM -->
        <test-method is-config="true" signature="configAC()[pri:0, instance:com.comcast.crm.OrganizationTestNG.CreateOrganizationTestNG@cd3fee8]" started-at="2025-07-01T10:03:34 IST" name="configAC" finished-at="2025-07-01T10:03:34 IST" duration-ms="448" status="PASS">
          <reporter-output>
          </reporter-output>
        </test-method> <!-- configAC -->
        <test-method is-config="true" signature="configAS()[pri:0, instance:com.comcast.crm.OrganizationTestNG.CreateOrganizationTestNG@cd3fee8]" started-at="2025-07-01T10:04:15 IST" name="configAS" finished-at="2025-07-01T10:04:15 IST" duration-ms="20" status="PASS">
          <reporter-output>
          </reporter-output>
        </test-method> <!-- configAS -->
      </class> <!-- com.comcast.crm.OrganizationTestNG.CreateOrganizationTestNG -->
      <class name="com.comcast.crm.ContactTestNG.CreateContactTestNG">
        <test-method is-config="true" signature="configBC(java.lang.String)[pri:0, instance:com.comcast.crm.ContactTestNG.CreateContactTestNG@3e2e18f2]" started-at="2025-07-01T10:03:34 IST" name="configBC" finished-at="2025-07-01T10:03:36 IST" duration-ms="2117" status="PASS">
          <params>
            <param index="0">
              <value>
                <![CDATA[Chrome]]>
              </value>
            </param>
          </params>
          <reporter-output>
          </reporter-output>
        </test-method> <!-- configBC -->
        <test-method is-config="true" signature="configBM()[pri:0, instance:com.comcast.crm.ContactTestNG.CreateContactTestNG@3e2e18f2]" started-at="2025-07-01T10:03:36 IST" name="configBM" finished-at="2025-07-01T10:03:40 IST" duration-ms="4053" status="PASS">
          <reporter-output>
          </reporter-output>
        </test-method> <!-- configBM -->
        <test-method signature="CreateContactPhone()[pri:0, instance:com.comcast.crm.ContactTestNG.CreateContactTestNG@3e2e18f2]" started-at="2025-07-01T10:03:40 IST" name="CreateContactPhone" finished-at="2025-07-01T10:03:48 IST" duration-ms="7678" status="PASS">
          <reporter-output>
          </reporter-output>
        </test-method> <!-- CreateContactPhone -->
        <test-method is-config="true" signature="configAM()[pri:0, instance:com.comcast.crm.ContactTestNG.CreateContactTestNG@3e2e18f2]" started-at="2025-07-01T10:03:48 IST" name="configAM" finished-at="2025-07-01T10:03:49 IST" duration-ms="860" status="PASS">
          <reporter-output>
          </reporter-output>
        </test-method> <!-- configAM -->
        <test-method is-config="true" signature="configBM()[pri:0, instance:com.comcast.crm.ContactTestNG.CreateContactTestNG@3e2e18f2]" started-at="2025-07-01T10:03:49 IST" name="configBM" finished-at="2025-07-01T10:03:50 IST" duration-ms="1560" status="PASS">
          <reporter-output>
          </reporter-output>
        </test-method> <!-- configBM -->
        <test-method signature="CreateContactTestNG()[pri:0, instance:com.comcast.crm.ContactTestNG.CreateContactTestNG@3e2e18f2]" started-at="2025-07-01T10:03:50 IST" name="CreateContactTestNG" finished-at="2025-07-01T10:03:55 IST" duration-ms="4529" status="PASS">
          <reporter-output>
          </reporter-output>
        </test-method> <!-- CreateContactTestNG -->
        <test-method is-config="true" signature="configAM()[pri:0, instance:com.comcast.crm.ContactTestNG.CreateContactTestNG@3e2e18f2]" started-at="2025-07-01T10:03:55 IST" name="configAM" finished-at="2025-07-01T10:04:15 IST" duration-ms="20280" status="FAIL">
          <exception class="org.openqa.selenium.NoSuchElementException">
            <message>
              <![CDATA[no such element: Unable to locate element: {"method":"link text","selector":"Sign Out"}
  (Session info: chrome=137.0.7151.122)
For documentation on this error, please visit: https://www.selenium.dev/documentation/webdriver/troubleshooting/errors#no-such-element-exception
Build info: version: '4.27.0', revision: 'd6e718d134'
System info: os.name: 'Windows 11', os.arch: 'amd64', os.version: '10.0', java.version: '23.0.1'
Driver info: org.openqa.selenium.chrome.ChromeDriver
Command: [486f3b5dd065f48384b6d17e726fd7c0, findElement {value=Sign Out, using=link text}]
Capabilities {acceptInsecureCerts: false, browserName: chrome, browserVersion: 137.0.7151.122, chrome: {chromedriverVersion: 137.0.7151.119 (e0ac9d12dff..., userDataDir: C:\Users\Tejas\AppData\Loca...}, fedcm:accounts: true, goog:chromeOptions: {debuggerAddress: localhost:51146}, networkConnectionEnabled: false, pageLoadStrategy: normal, platformName: windows, proxy: Proxy(), se:cdp: ws://localhost:51146/devtoo..., se:cdpVersion: 137.0.7151.122, setWindowRect: true, strictFileInteractability: false, timeouts: {implicit: 0, pageLoad: 300000, script: 30000}, unhandledPromptBehavior: dismiss and notify, webauthn:extension:credBlob: true, webauthn:extension:largeBlob: true, webauthn:extension:minPinLength: true, webauthn:extension:prf: true, webauthn:virtualAuthenticators: true}
Session ID: 486f3b5dd065f48384b6d17e726fd7c0]]>
            </message>
            <full-stacktrace>
              <![CDATA[org.openqa.selenium.NoSuchElementException: no such element: Unable to locate element: {"method":"link text","selector":"Sign Out"}
  (Session info: chrome=137.0.7151.122)
For documentation on this error, please visit: https://www.selenium.dev/documentation/webdriver/troubleshooting/errors#no-such-element-exception
Build info: version: '4.27.0', revision: 'd6e718d134'
System info: os.name: 'Windows 11', os.arch: 'amd64', os.version: '10.0', java.version: '23.0.1'
Driver info: org.openqa.selenium.chrome.ChromeDriver
Command: [486f3b5dd065f48384b6d17e726fd7c0, findElement {value=Sign Out, using=link text}]
Capabilities {acceptInsecureCerts: false, browserName: chrome, browserVersion: 137.0.7151.122, chrome: {chromedriverVersion: 137.0.7151.119 (e0ac9d12dff..., userDataDir: C:\Users\Tejas\AppData\Loca...}, fedcm:accounts: true, goog:chromeOptions: {debuggerAddress: localhost:51146}, networkConnectionEnabled: false, pageLoadStrategy: normal, platformName: windows, proxy: Proxy(), se:cdp: ws://localhost:51146/devtoo..., se:cdpVersion: 137.0.7151.122, setWindowRect: true, strictFileInteractability: false, timeouts: {implicit: 0, pageLoad: 300000, script: 30000}, unhandledPromptBehavior: dismiss and notify, webauthn:extension:credBlob: true, webauthn:extension:largeBlob: true, webauthn:extension:minPinLength: true, webauthn:extension:prf: true, webauthn:virtualAuthenticators: true}
Session ID: 486f3b5dd065f48384b6d17e726fd7c0
at java.base/jdk.internal.reflect.DirectConstructorHandleAccessor.newInstance(DirectConstructorHandleAccessor.java:62)
at java.base/java.lang.reflect.Constructor.newInstanceWithCaller(Constructor.java:501)
at java.base/java.lang.reflect.Constructor.newInstance(Constructor.java:485)
at org.openqa.selenium.remote.ErrorCodec.decode(ErrorCodec.java:167)
at org.openqa.selenium.remote.codec.w3c.W3CHttpResponseCodec.decode(W3CHttpResponseCodec.java:138)
at org.openqa.selenium.remote.codec.w3c.W3CHttpResponseCodec.decode(W3CHttpResponseCodec.java:50)
at org.openqa.selenium.remote.HttpCommandExecutor.execute(HttpCommandExecutor.java:190)
at org.openqa.selenium.remote.service.DriverCommandExecutor.invokeExecute(DriverCommandExecutor.java:216)
at org.openqa.selenium.remote.service.DriverCommandExecutor.execute(DriverCommandExecutor.java:174)
at org.openqa.selenium.remote.RemoteWebDriver.execute(RemoteWebDriver.java:545)
at org.openqa.selenium.remote.ElementLocation$ElementFinder$2.findElement(ElementLocation.java:165)
at org.openqa.selenium.remote.ElementLocation.findElement(ElementLocation.java:59)
at org.openqa.selenium.remote.RemoteWebDriver.findElement(RemoteWebDriver.java:368)
at org.openqa.selenium.remote.RemoteWebDriver.findElement(RemoteWebDriver.java:362)
at org.openqa.selenium.support.pagefactory.DefaultElementLocator.findElement(DefaultElementLocator.java:68)
at org.openqa.selenium.support.pagefactory.internal.LocatingElementHandler.invoke(LocatingElementHandler.java:38)
at jdk.proxy2/jdk.proxy2.$Proxy15.click(Unknown Source)
at com.comcast.crm.ObjectRepositoryUtility.HomePage.logout(HomePage.java:67)
at BaseClassTestNG.BaseClass.configAM(BaseClass.java:145)
at java.base/jdk.internal.reflect.DirectMethodHandleAccessor.invoke(DirectMethodHandleAccessor.java:103)
at java.base/java.lang.reflect.Method.invoke(Method.java:580)
at org.testng.internal.invokers.MethodInvocationHelper.invokeMethod(MethodInvocationHelper.java:139)
at org.testng.internal.invokers.MethodInvocationHelper.invokeMethodConsideringTimeout(MethodInvocationHelper.java:69)
at org.testng.internal.invokers.ConfigInvoker.invokeConfigurationMethod(ConfigInvoker.java:390)
at org.testng.internal.invokers.ConfigInvoker.invokeConfigurations(ConfigInvoker.java:325)
at org.testng.internal.invokers.TestInvoker.runConfigMethods(TestInvoker.java:810)
at org.testng.internal.invokers.TestInvoker.runAfterConfigurations(TestInvoker.java:779)
at org.testng.internal.invokers.TestInvoker.invokeMethod(TestInvoker.java:755)
at org.testng.internal.invokers.TestInvoker.invokeTestMethod(TestInvoker.java:227)
at org.testng.internal.invokers.MethodRunner.runInSequence(MethodRunner.java:50)
at org.testng.internal.invokers.TestInvoker$MethodInvocationAgent.invoke(TestInvoker.java:957)
at org.testng.internal.invokers.TestInvoker.invokeTestMethods(TestInvoker.java:200)
at org.testng.internal.invokers.TestMethodWorker.invokeTestMethods(TestMethodWorker.java:148)
at org.testng.internal.invokers.TestMethodWorker.run(TestMethodWorker.java:128)
at java.base/java.util.ArrayList.forEach(ArrayList.java:1597)
at org.testng.TestRunner.privateRun(TestRunner.java:848)
at org.testng.TestRunner.run(TestRunner.java:621)
at org.testng.SuiteRunner.runTest(SuiteRunner.java:443)
at org.testng.SuiteRunner$SuiteWorker.run(SuiteRunner.java:481)
at org.testng.internal.thread.ThreadUtil.lambda$execute$0(ThreadUtil.java:58)
at java.base/java.util.concurrent.FutureTask.run(FutureTask.java:317)
at java.base/java.util.concurrent.ThreadPoolExecutor.runWorker(ThreadPoolExecutor.java:1144)
at java.base/java.util.concurrent.ThreadPoolExecutor$Worker.run(ThreadPoolExecutor.java:642)
at java.base/java.lang.Thread.run(Thread.java:1575)
]]>
            </full-stacktrace>
          </exception> <!-- org.openqa.selenium.NoSuchElementException -->
          <reporter-output>
          </reporter-output>
        </test-method> <!-- configAM -->
        <test-method is-config="true" signature="configAC()[pri:0, instance:com.comcast.crm.ContactTestNG.CreateContactTestNG@3e2e18f2]" started-at="2025-07-01T10:04:15 IST" name="configAC" finished-at="2025-07-01T10:04:15 IST" duration-ms="0" status="SKIP">
          <reporter-output>
          </reporter-output>
        </test-method> <!-- configAC -->
      </class> <!-- com.comcast.crm.ContactTestNG.CreateContactTestNG -->
    </test> <!-- TestRunner-Chrome -->
  </suite> <!-- Suite -->
</testng-results>
