<?xml version="1.0" encoding="UTF-8"?>
<testng-results ignored="0" total="1" passed="1" failed="0" skipped="0">
  <reporter-output>
  </reporter-output>
  <suite started-at="2025-05-24T13:09:08 IST" name="Surefire suite" finished-at="2025-05-24T13:09:43 IST" duration-ms="34616">
    <groups>
    </groups>
    <test started-at="2025-05-24T13:09:08 IST" name="Surefire test" finished-at="2025-05-24T13:09:43 IST" duration-ms="34616">
      <class name="AdvanceSeleniumPractice.Selenium_CMD">
        <test-method signature="flipkart()[pri:0, instance:AdvanceSeleniumPractice.Selenium_CMD@63a65a25]" started-at="2025-05-24T13:09:08 IST" name="flipkart" finished-at="2025-05-24T13:09:43 IST" duration-ms="34569" status="PASS">
          <reporter-output>
          </reporter-output>
        </test-method> <!-- flipkart -->
      </class> <!-- AdvanceSeleniumPractice.Selenium_CMD -->
    </test> <!-- Surefire test -->
  </suite> <!-- Surefire suite -->
</testng-results>
