<?xml version="1.0" encoding="UTF-8"?>
<testng-results ignored="0" total="3" passed="2" failed="1" skipped="0">
  <reporter-output>
  </reporter-output>
  <suite started-at="2025-06-30T10:00:07 IST" name="Default suite" finished-at="2025-06-30T10:00:29 IST" duration-ms="22104">
    <groups>
      <group name="regressionTest">
        <method signature="CreateOrganizationTestNGSmoke_Regression.CreateOrganizationIndustry()[pri:0, instance:com.comcast.crm.BaseTestng.CreateOrganizationTestNGSmoke_Regression@5be1d0a4]" name="CreateOrganizationIndustry" class="com.comcast.crm.BaseTestng.CreateOrganizationTestNGSmoke_Regression"/>
        <method signature="CreateOrganizationTestNGSmoke_Regression.CreateOrganizationTestNG()[pri:0, instance:com.comcast.crm.BaseTestng.CreateOrganizationTestNGSmoke_Regression@5be1d0a4]" name="CreateOrganizationTestNG" class="com.comcast.crm.BaseTestng.CreateOrganizationTestNGSmoke_Regression"/>
        <method signature="CreateOrganizationTestNGSmoke_Regression.CreateOrganizationWithPhone()[pri:0, instance:com.comcast.crm.BaseTestng.CreateOrganizationTestNGSmoke_Regression@5be1d0a4]" name="CreateOrganizationWithPhone" class="com.comcast.crm.BaseTestng.CreateOrganizationTestNGSmoke_Regression"/>
      </group> <!-- regressionTest -->
      <group name="smokeTest">
        <method signature="CreateOrganizationTestNGSmoke_Regression.CreateOrganizationIndustry()[pri:0, instance:com.comcast.crm.BaseTestng.CreateOrganizationTestNGSmoke_Regression@5be1d0a4]" name="CreateOrganizationIndustry" class="com.comcast.crm.BaseTestng.CreateOrganizationTestNGSmoke_Regression"/>
        <method signature="CreateOrganizationTestNGSmoke_Regression.CreateOrganizationTestNG()[pri:0, instance:com.comcast.crm.BaseTestng.CreateOrganizationTestNGSmoke_Regression@5be1d0a4]" name="CreateOrganizationTestNG" class="com.comcast.crm.BaseTestng.CreateOrganizationTestNGSmoke_Regression"/>
        <method signature="CreateOrganizationTestNGSmoke_Regression.CreateOrganizationWithPhone()[pri:0, instance:com.comcast.crm.BaseTestng.CreateOrganizationTestNGSmoke_Regression@5be1d0a4]" name="CreateOrganizationWithPhone" class="com.comcast.crm.BaseTestng.CreateOrganizationTestNGSmoke_Regression"/>
      </group> <!-- smokeTest -->
    </groups>
    <test started-at="2025-06-30T10:00:07 IST" name="Default test" finished-at="2025-06-30T10:00:29 IST" duration-ms="22104">
      <class name="com.comcast.crm.BaseTestng.CreateOrganizationTestNGSmoke_Regression">
        <test-method is-config="true" signature="configBS()[pri:0, instance:com.comcast.crm.BaseTestng.CreateOrganizationTestNGSmoke_Regression@5be1d0a4]" started-at="2025-06-30T10:00:07 IST" name="configBS" finished-at="2025-06-30T10:00:07 IST" duration-ms="190" status="PASS">
          <reporter-output>
          </reporter-output>
        </test-method> <!-- configBS -->
        <test-method is-config="true" signature="configBC(java.lang.String)[pri:0, instance:com.comcast.crm.BaseTestng.CreateOrganizationTestNGSmoke_Regression@5be1d0a4]" started-at="2025-06-30T10:00:07 IST" name="configBC" finished-at="2025-06-30T10:00:09 IST" duration-ms="2295" status="PASS">
          <params>
            <param index="0">
              <value>
                <![CDATA[chrome]]>
              </value>
            </param>
          </params>
          <reporter-output>
          </reporter-output>
        </test-method> <!-- configBC -->
        <test-method is-config="true" signature="configBM()[pri:0, instance:com.comcast.crm.BaseTestng.CreateOrganizationTestNGSmoke_Regression@5be1d0a4]" started-at="2025-06-30T10:00:09 IST" name="configBM" finished-at="2025-06-30T10:00:10 IST" duration-ms="495" status="PASS">
          <reporter-output>
          </reporter-output>
        </test-method> <!-- configBM -->
        <test-method signature="CreateOrganizationIndustry()[pri:0, instance:com.comcast.crm.BaseTestng.CreateOrganizationTestNGSmoke_Regression@5be1d0a4]" started-at="2025-06-30T10:00:10 IST" name="CreateOrganizationIndustry" finished-at="2025-06-30T10:00:16 IST" duration-ms="6498" status="PASS">
          <reporter-output>
          </reporter-output>
        </test-method> <!-- CreateOrganizationIndustry -->
        <test-method is-config="true" signature="configAM()[pri:0, instance:com.comcast.crm.BaseTestng.CreateOrganizationTestNGSmoke_Regression@5be1d0a4]" started-at="2025-06-30T10:00:16 IST" name="configAM" finished-at="2025-06-30T10:00:17 IST" duration-ms="695" status="PASS">
          <reporter-output>
          </reporter-output>
        </test-method> <!-- configAM -->
        <test-method is-config="true" signature="configBM()[pri:0, instance:com.comcast.crm.BaseTestng.CreateOrganizationTestNGSmoke_Regression@5be1d0a4]" started-at="2025-06-30T10:00:17 IST" name="configBM" finished-at="2025-06-30T10:00:17 IST" duration-ms="307" status="PASS">
          <reporter-output>
          </reporter-output>
        </test-method> <!-- configBM -->
        <test-method signature="CreateOrganizationTestNG()[pri:0, instance:com.comcast.crm.BaseTestng.CreateOrganizationTestNGSmoke_Regression@5be1d0a4]" started-at="2025-06-30T10:00:17 IST" name="CreateOrganizationTestNG" finished-at="2025-06-30T10:00:22 IST" duration-ms="4994" status="FAIL">
          <exception class="java.lang.AssertionError">
            <message>
              <![CDATA[The following asserts failed:
expected [Tejas_1293] but found [[ ACC24907 ] Tejas_1293 - Organization Information]]]>
            </message>
            <full-stacktrace>
              <![CDATA[java.lang.AssertionError: The following asserts failed:
expected [Tejas_1293] but found [[ ACC24907 ] Tejas_1293 - Organization Information]
at org.testng.asserts.SoftAssert.assertAll(SoftAssert.java:46)
at org.testng.asserts.SoftAssert.assertAll(SoftAssert.java:30)
at com.comcast.crm.BaseTestng.CreateOrganizationTestNGSmoke_Regression.CreateOrganizationTestNG(CreateOrganizationTestNGSmoke_Regression.java:66)
at java.base/jdk.internal.reflect.DirectMethodHandleAccessor.invoke(DirectMethodHandleAccessor.java:103)
at java.base/java.lang.reflect.Method.invoke(Method.java:580)
at org.testng.internal.invokers.MethodInvocationHelper.invokeMethod(MethodInvocationHelper.java:141)
at org.testng.internal.invokers.TestInvoker.invokeMethod(TestInvoker.java:687)
at org.testng.internal.invokers.TestInvoker.invokeTestMethod(TestInvoker.java:230)
at org.testng.internal.invokers.MethodRunner.runInSequence(MethodRunner.java:63)
at org.testng.internal.invokers.TestInvoker$MethodInvocationAgent.invoke(TestInvoker.java:995)
at org.testng.internal.invokers.TestInvoker.invokeTestMethods(TestInvoker.java:203)
at org.testng.internal.invokers.TestMethodWorker.invokeTestMethods(TestMethodWorker.java:154)
at org.testng.internal.invokers.TestMethodWorker.run(TestMethodWorker.java:134)
at java.base/java.util.ArrayList.forEach(ArrayList.java:1596)
at org.testng.TestRunner.privateRun(TestRunner.java:741)
at org.testng.TestRunner.run(TestRunner.java:616)
at org.testng.SuiteRunner.runTest(SuiteRunner.java:421)
at org.testng.SuiteRunner.runSequentially(SuiteRunner.java:413)
at org.testng.SuiteRunner.privateRun(SuiteRunner.java:373)
at org.testng.SuiteRunner.run(SuiteRunner.java:312)
at org.testng.SuiteRunnerWorker.runSuite(SuiteRunnerWorker.java:52)
at org.testng.SuiteRunnerWorker.run(SuiteRunnerWorker.java:95)
at org.testng.TestNG.runSuitesSequentially(TestNG.java:1274)
at org.testng.TestNG.runSuitesLocally(TestNG.java:1208)
at org.testng.TestNG.runSuites(TestNG.java:1112)
at org.testng.TestNG.run(TestNG.java:1079)
at org.testng.remote.AbstractRemoteTestNG.run(AbstractRemoteTestNG.java:115)
at org.testng.remote.RemoteTestNG.initAndRun(RemoteTestNG.java:293)
at org.testng.remote.RemoteTestNG.main(RemoteTestNG.java:91)
]]>
            </full-stacktrace>
          </exception> <!-- java.lang.AssertionError -->
          <reporter-output>
          </reporter-output>
        </test-method> <!-- CreateOrganizationTestNG -->
        <test-method is-config="true" signature="configAM()[pri:0, instance:com.comcast.crm.BaseTestng.CreateOrganizationTestNGSmoke_Regression@5be1d0a4]" started-at="2025-06-30T10:00:22 IST" name="configAM" finished-at="2025-06-30T10:00:23 IST" duration-ms="637" status="PASS">
          <reporter-output>
          </reporter-output>
        </test-method> <!-- configAM -->
        <test-method is-config="true" signature="configBM()[pri:0, instance:com.comcast.crm.BaseTestng.CreateOrganizationTestNGSmoke_Regression@5be1d0a4]" started-at="2025-06-30T10:00:23 IST" name="configBM" finished-at="2025-06-30T10:00:24 IST" duration-ms="1088" status="PASS">
          <reporter-output>
          </reporter-output>
        </test-method> <!-- configBM -->
        <test-method signature="CreateOrganizationWithPhone()[pri:0, instance:com.comcast.crm.BaseTestng.CreateOrganizationTestNGSmoke_Regression@5be1d0a4]" started-at="2025-06-30T10:00:24 IST" name="CreateOrganizationWithPhone" finished-at="2025-06-30T10:00:28 IST" duration-ms="3911" status="PASS">
          <reporter-output>
          </reporter-output>
        </test-method> <!-- CreateOrganizationWithPhone -->
        <test-method is-config="true" signature="configAM()[pri:0, instance:com.comcast.crm.BaseTestng.CreateOrganizationTestNGSmoke_Regression@5be1d0a4]" started-at="2025-06-30T10:00:28 IST" name="configAM" finished-at="2025-06-30T10:00:29 IST" duration-ms="624" status="PASS">
          <reporter-output>
          </reporter-output>
        </test-method> <!-- configAM -->
        <test-method is-config="true" signature="configAC()[pri:0, instance:com.comcast.crm.BaseTestng.CreateOrganizationTestNGSmoke_Regression@5be1d0a4]" started-at="2025-06-30T10:00:29 IST" name="configAC" finished-at="2025-06-30T10:00:29 IST" duration-ms="373" status="PASS">
          <reporter-output>
          </reporter-output>
        </test-method> <!-- configAC -->
        <test-method is-config="true" signature="configAS()[pri:0, instance:com.comcast.crm.BaseTestng.CreateOrganizationTestNGSmoke_Regression@5be1d0a4]" started-at="2025-06-30T10:00:29 IST" name="configAS" finished-at="2025-06-30T10:00:29 IST" duration-ms="11" status="PASS">
          <reporter-output>
          </reporter-output>
        </test-method> <!-- configAS -->
      </class> <!-- com.comcast.crm.BaseTestng.CreateOrganizationTestNGSmoke_Regression -->
    </test> <!-- Default test -->
  </suite> <!-- Default suite -->
</testng-results>
